This file contains any messages produced by compilers while
running configure, to aid debugging if configure makes a mistake.

It was created by findstar configure 1.0, which was
generated by GNU Autoconf 2.69.  Invocation command line was

  $ ../configure --disable-dependency-tracking

## --------- ##
## Platform. ##
## --------- ##

hostname = salvia
uname -m = x86_64
uname -r = 18.5.0
uname -s = Darwin
uname -v = Darwin Kernel Version 18.5.0: Mon Mar 11 20:40:32 PDT 2019; root:xnu-4903.251.3~3/RELEASE_X86_64

/usr/bin/uname -p = i386
/bin/uname -X     = unknown

/bin/arch              = unknown
/usr/bin/arch -k       = unknown
/usr/convex/getsysinfo = unknown
/usr/bin/hostinfo      = Mach kernel version:
	 Darwin Kernel Version 18.5.0: Mon Mar 11 20:40:32 PDT 2019; root:xnu-4903.251.3~3/RELEASE_X86_64
Kernel configured for up to 4 processors.
4 processors are physically available.
4 processors are logically available.
Processor type: x86_64h (Intel x86-64h Haswell)
Processors active: 0 1 2 3
Primary memory available: 16.00 gigabytes
Default processor set: 450 tasks, 1700 threads, 4 processors
Load average: 1.60, Mach factor: 2.39
/bin/machine           = unknown
/usr/bin/oslevel       = unknown
/bin/universe          = unknown

PATH: /usr/local/bin
PATH: /usr/bin
PATH: /bin
PATH: /usr/sbin
PATH: /sbin
PATH: /Library/TeX/texbin
PATH: /opt/X11/bin


## ----------- ##
## Core tests. ##
## ----------- ##

configure:2090: checking build system type
configure:2104: result: x86_64-apple-darwin18.5.0
configure:2124: checking host system type
configure:2137: result: x86_64-apple-darwin18.5.0
configure:2157: checking target system type
configure:2170: result: x86_64-apple-darwin18.5.0
configure:2213: checking for a BSD-compatible install
configure:2281: result: /usr/bin/install -c
configure:2292: checking whether build environment is sane
configure:2347: result: yes
configure:2498: checking for a thread-safe mkdir -p
configure:2537: result: ../install-sh -c -d
configure:2544: checking for gawk
configure:2574: result: no
configure:2544: checking for mawk
configure:2574: result: no
configure:2544: checking for nawk
configure:2574: result: no
configure:2544: checking for awk
configure:2560: found /usr/bin/awk
configure:2571: result: awk
configure:2582: checking whether make sets $(MAKE)
configure:2604: result: yes
configure:2633: checking whether make supports nested variables
configure:2650: result: yes
configure:2835: checking for g++
configure:2851: found /usr/bin/g++
configure:2862: result: g++
configure:2889: checking for C++ compiler version
configure:2898: g++ --version >&5
Apple LLVM version 10.0.1 (clang-1001.0.46.4)
Target: x86_64-apple-darwin18.5.0
Thread model: posix
InstalledDir: /Library/Developer/CommandLineTools/usr/bin
Configured with: --prefix=/Library/Developer/CommandLineTools/usr --with-gxx-include-dir=/Library/Developer/CommandLineTools/SDKs/MacOSX10.14.sdk/usr/include/c++/4.2.1
configure:2909: $? = 0
configure:2898: g++ -v >&5
Configured with: --prefix=/Library/Developer/CommandLineTools/usr --with-gxx-include-dir=/Library/Developer/CommandLineTools/SDKs/MacOSX10.14.sdk/usr/include/c++/4.2.1
Apple LLVM version 10.0.1 (clang-1001.0.46.4)
Target: x86_64-apple-darwin18.5.0
Thread model: posix
InstalledDir: /Library/Developer/CommandLineTools/usr/bin
configure:2909: $? = 0
configure:2898: g++ -V >&5
clang: error: unsupported option '-V -Wno-atomic-implicit-seq-cst'
clang: error: no input files
configure:2909: $? = 1
configure:2898: g++ -qversion >&5
clang: error: unknown argument '-qversion', did you mean '--version'?
clang: error: no input files
configure:2909: $? = 1
configure:2929: checking whether the C++ compiler works
configure:2951: g++    conftest.cpp  >&5
configure:2955: $? = 0
configure:3003: result: yes
configure:3006: checking for C++ compiler default output file name
configure:3008: result: a.out
configure:3014: checking for suffix of executables
configure:3021: g++ -o conftest    conftest.cpp  >&5
configure:3025: $? = 0
configure:3047: result: 
configure:3069: checking whether we are cross compiling
configure:3077: g++ -o conftest    conftest.cpp  >&5
configure:3081: $? = 0
configure:3088: ./conftest
configure:3092: $? = 0
configure:3107: result: no
configure:3112: checking for suffix of object files
configure:3134: g++ -c   conftest.cpp >&5
configure:3138: $? = 0
configure:3159: result: o
configure:3163: checking whether we are using the GNU C++ compiler
configure:3182: g++ -c   conftest.cpp >&5
configure:3182: $? = 0
configure:3191: result: yes
configure:3200: checking whether g++ accepts -g
configure:3220: g++ -c -g  conftest.cpp >&5
configure:3220: $? = 0
configure:3261: result: yes
configure:3287: checking whether make supports the include directive
configure:3302: make -f confmf.GNU && cat confinc.out
this is the am__doit target
configure:3305: $? = 0
configure:3324: result: yes (GNU style)
configure:3349: checking dependency style of g++
configure:3460: result: none
configure:3523: checking for gcc
configure:3539: found /usr/bin/gcc
configure:3550: result: gcc
configure:3779: checking for C compiler version
configure:3788: gcc --version >&5
Apple LLVM version 10.0.1 (clang-1001.0.46.4)
Target: x86_64-apple-darwin18.5.0
Thread model: posix
InstalledDir: /Library/Developer/CommandLineTools/usr/bin
Configured with: --prefix=/Library/Developer/CommandLineTools/usr --with-gxx-include-dir=/Library/Developer/CommandLineTools/SDKs/MacOSX10.14.sdk/usr/include/c++/4.2.1
configure:3799: $? = 0
configure:3788: gcc -v >&5
Configured with: --prefix=/Library/Developer/CommandLineTools/usr --with-gxx-include-dir=/Library/Developer/CommandLineTools/SDKs/MacOSX10.14.sdk/usr/include/c++/4.2.1
Apple LLVM version 10.0.1 (clang-1001.0.46.4)
Target: x86_64-apple-darwin18.5.0
Thread model: posix
InstalledDir: /Library/Developer/CommandLineTools/usr/bin
configure:3799: $? = 0
configure:3788: gcc -V >&5
clang: error: unsupported option '-V -Wno-atomic-implicit-seq-cst'
clang: error: no input files
configure:3799: $? = 1
configure:3788: gcc -qversion >&5
clang: error: unknown argument '-qversion', did you mean '--version'?
clang: error: no input files
configure:3799: $? = 1
configure:3803: checking whether we are using the GNU C compiler
configure:3822: gcc -c   conftest.c >&5
configure:3822: $? = 0
configure:3831: result: yes
configure:3840: checking whether gcc accepts -g
configure:3860: gcc -c -g  conftest.c >&5
configure:3860: $? = 0
configure:3901: result: yes
configure:3918: checking for gcc option to accept ISO C89
configure:3981: gcc  -c -g -O2  conftest.c >&5
configure:3981: $? = 0
configure:3994: result: none needed
configure:4019: checking whether gcc understands -c and -o together
configure:4041: gcc -c conftest.c -o conftest2.o
configure:4044: $? = 0
configure:4041: gcc -c conftest.c -o conftest2.o
configure:4044: $? = 0
configure:4056: result: yes
configure:4075: checking dependency style of gcc
configure:4186: result: none
configure:4207: checking how to run the C preprocessor
configure:4238: gcc -E  conftest.c
configure:4238: $? = 0
configure:4252: gcc -E  conftest.c
conftest.c:11:10: fatal error: 'ac_nonexistent.h' file not found
#include <ac_nonexistent.h>
         ^~~~~~~~~~~~~~~~~~
1 error generated.
configure:4252: $? = 1
configure: failed program was:
| /* confdefs.h */
| #define PACKAGE_NAME "findstar"
| #define PACKAGE_TARNAME "findstar"
| #define PACKAGE_VERSION "1.0"
| #define PACKAGE_STRING "findstar 1.0"
| #define PACKAGE_BUGREPORT ""
| #define PACKAGE_URL ""
| #define PACKAGE "findstar"
| #define VERSION "1.0"
| /* end confdefs.h.  */
| #include <ac_nonexistent.h>
configure:4277: result: gcc -E
configure:4297: gcc -E  conftest.c
configure:4297: $? = 0
configure:4311: gcc -E  conftest.c
conftest.c:11:10: fatal error: 'ac_nonexistent.h' file not found
#include <ac_nonexistent.h>
         ^~~~~~~~~~~~~~~~~~
1 error generated.
configure:4311: $? = 1
configure: failed program was:
| /* confdefs.h */
| #define PACKAGE_NAME "findstar"
| #define PACKAGE_TARNAME "findstar"
| #define PACKAGE_VERSION "1.0"
| #define PACKAGE_STRING "findstar 1.0"
| #define PACKAGE_BUGREPORT ""
| #define PACKAGE_URL ""
| #define PACKAGE "findstar"
| #define VERSION "1.0"
| /* end confdefs.h.  */
| #include <ac_nonexistent.h>
configure:4340: checking for grep that handles long lines and -e
configure:4398: result: /usr/bin/grep
configure:4403: checking for egrep
configure:4465: result: /usr/bin/grep -E
configure:4470: checking for ANSI C header files
configure:4490: gcc -c -g -O2  conftest.c >&5
configure:4490: $? = 0
configure:4563: gcc -o conftest -g -O2   conftest.c  >&5
configure:4563: $? = 0
configure:4563: ./conftest
configure:4563: $? = 0
configure:4574: result: yes
configure:4587: checking for sys/types.h
configure:4587: gcc -c -g -O2  conftest.c >&5
configure:4587: $? = 0
configure:4587: result: yes
configure:4587: checking for sys/stat.h
configure:4587: gcc -c -g -O2  conftest.c >&5
configure:4587: $? = 0
configure:4587: result: yes
configure:4587: checking for stdlib.h
configure:4587: gcc -c -g -O2  conftest.c >&5
configure:4587: $? = 0
configure:4587: result: yes
configure:4587: checking for string.h
configure:4587: gcc -c -g -O2  conftest.c >&5
configure:4587: $? = 0
configure:4587: result: yes
configure:4587: checking for memory.h
configure:4587: gcc -c -g -O2  conftest.c >&5
configure:4587: $? = 0
configure:4587: result: yes
configure:4587: checking for strings.h
configure:4587: gcc -c -g -O2  conftest.c >&5
configure:4587: $? = 0
configure:4587: result: yes
configure:4587: checking for inttypes.h
configure:4587: gcc -c -g -O2  conftest.c >&5
configure:4587: $? = 0
configure:4587: result: yes
configure:4587: checking for stdint.h
configure:4587: gcc -c -g -O2  conftest.c >&5
configure:4587: $? = 0
configure:4587: result: yes
configure:4587: checking for unistd.h
configure:4587: gcc -c -g -O2  conftest.c >&5
configure:4587: $? = 0
configure:4587: result: yes
configure:4599: checking for stdbool.h that conforms to C99
configure:4666: gcc -c -g -O2  conftest.c >&5
conftest.c:70:24: warning: address of 's' will always evaluate to 'true' [-Wpointer-bool-conversion]
             bool e = &s;
                  ~    ^
conftest.c:74:23: warning: address of array 'a' will always evaluate to 'true' [-Wpointer-bool-conversion]
             return (!a + !b + !c + !d + !e + !f + !g + !h + !i + !!j + !k + !!l
                     ~^
conftest.c:74:28: warning: address of array 'b' will always evaluate to 'true' [-Wpointer-bool-conversion]
             return (!a + !b + !c + !d + !e + !f + !g + !h + !i + !!j + !k + !!l
                          ~^
conftest.c:74:33: warning: address of array 'c' will always evaluate to 'true' [-Wpointer-bool-conversion]
             return (!a + !b + !c + !d + !e + !f + !g + !h + !i + !!j + !k + !!l
                               ~^
conftest.c:74:38: warning: address of array 'd' will always evaluate to 'true' [-Wpointer-bool-conversion]
             return (!a + !b + !c + !d + !e + !f + !g + !h + !i + !!j + !k + !!l
                                    ~^
conftest.c:74:48: warning: address of array 'f' will always evaluate to 'true' [-Wpointer-bool-conversion]
             return (!a + !b + !c + !d + !e + !f + !g + !h + !i + !!j + !k + !!l
                                              ~^
conftest.c:74:53: warning: address of array 'g' will always evaluate to 'true' [-Wpointer-bool-conversion]
             return (!a + !b + !c + !d + !e + !f + !g + !h + !i + !!j + !k + !!l
                                                   ~^
conftest.c:74:58: warning: address of array 'h' will always evaluate to 'true' [-Wpointer-bool-conversion]
             return (!a + !b + !c + !d + !e + !f + !g + !h + !i + !!j + !k + !!l
                                                        ~^
conftest.c:74:63: warning: address of array 'i' will always evaluate to 'true' [-Wpointer-bool-conversion]
             return (!a + !b + !c + !d + !e + !f + !g + !h + !i + !!j + !k + !!l
                                                             ~^
conftest.c:75:30: warning: address of array 'n' will always evaluate to 'true' [-Wpointer-bool-conversion]
                            ~^
conftest.c:75:35: warning: address of array 'o' will always evaluate to 'true' [-Wpointer-bool-conversion]
                                 ~^
conftest.c:75:40: warning: address of array 'p' will always evaluate to 'true' [-Wpointer-bool-conversion]
                                      ~^
12 warnings generated.
configure:4666: $? = 0
configure:4673: result: yes
configure:4675: checking for _Bool
configure:4675: gcc -c -g -O2  conftest.c >&5
configure:4675: $? = 0
configure:4675: gcc -c -g -O2  conftest.c >&5
conftest.c:57:20: error: expected expression
if (sizeof ((_Bool)))
                   ^
1 error generated.
configure:4675: $? = 1
configure: failed program was:
| /* confdefs.h */
| #define PACKAGE_NAME "findstar"
| #define PACKAGE_TARNAME "findstar"
| #define PACKAGE_VERSION "1.0"
| #define PACKAGE_STRING "findstar 1.0"
| #define PACKAGE_BUGREPORT ""
| #define PACKAGE_URL ""
| #define PACKAGE "findstar"
| #define VERSION "1.0"
| #define STDC_HEADERS 1
| #define HAVE_SYS_TYPES_H 1
| #define HAVE_SYS_STAT_H 1
| #define HAVE_STDLIB_H 1
| #define HAVE_STRING_H 1
| #define HAVE_MEMORY_H 1
| #define HAVE_STRINGS_H 1
| #define HAVE_INTTYPES_H 1
| #define HAVE_STDINT_H 1
| #define HAVE_UNISTD_H 1
| /* end confdefs.h.  */
| #include <stdio.h>
| #ifdef HAVE_SYS_TYPES_H
| # include <sys/types.h>
| #endif
| #ifdef HAVE_SYS_STAT_H
| # include <sys/stat.h>
| #endif
| #ifdef STDC_HEADERS
| # include <stdlib.h>
| # include <stddef.h>
| #else
| # ifdef HAVE_STDLIB_H
| #  include <stdlib.h>
| # endif
| #endif
| #ifdef HAVE_STRING_H
| # if !defined STDC_HEADERS && defined HAVE_MEMORY_H
| #  include <memory.h>
| # endif
| # include <string.h>
| #endif
| #ifdef HAVE_STRINGS_H
| # include <strings.h>
| #endif
| #ifdef HAVE_INTTYPES_H
| # include <inttypes.h>
| #endif
| #ifdef HAVE_STDINT_H
| # include <stdint.h>
| #endif
| #ifdef HAVE_UNISTD_H
| # include <unistd.h>
| #endif
| int
| main ()
| {
| if (sizeof ((_Bool)))
| 	    return 0;
|   ;
|   return 0;
| }
configure:4675: result: yes
configure:4834: checking that generated files are newer than configure
configure:4840: result: done
configure:4867: creating ./config.status

## ---------------------- ##
## Running config.status. ##
## ---------------------- ##

This file was extended by findstar config.status 1.0, which was
generated by GNU Autoconf 2.69.  Invocation command line was

  CONFIG_FILES    = 
  CONFIG_HEADERS  = 
  CONFIG_LINKS    = 
  CONFIG_COMMANDS = 
  $ ./config.status 

on salvia

config.status:795: creating Makefile
config.status:795: creating src/Makefile
config.status:952: executing depfiles commands

## ---------------- ##
## Cache variables. ##
## ---------------- ##

ac_cv_build=x86_64-apple-darwin18.5.0
ac_cv_c_compiler_gnu=yes
ac_cv_cxx_compiler_gnu=yes
ac_cv_env_CCC_set=
ac_cv_env_CCC_value=
ac_cv_env_CC_set=
ac_cv_env_CC_value=
ac_cv_env_CFLAGS_set=
ac_cv_env_CFLAGS_value=
ac_cv_env_CPPFLAGS_set=
ac_cv_env_CPPFLAGS_value=
ac_cv_env_CPP_set=
ac_cv_env_CPP_value=
ac_cv_env_CXXFLAGS_set=
ac_cv_env_CXXFLAGS_value=
ac_cv_env_CXX_set=
ac_cv_env_CXX_value=
ac_cv_env_LDFLAGS_set=
ac_cv_env_LDFLAGS_value=
ac_cv_env_LIBS_set=
ac_cv_env_LIBS_value=
ac_cv_env_build_alias_set=
ac_cv_env_build_alias_value=
ac_cv_env_host_alias_set=
ac_cv_env_host_alias_value=
ac_cv_env_target_alias_set=
ac_cv_env_target_alias_value=
ac_cv_header_inttypes_h=yes
ac_cv_header_memory_h=yes
ac_cv_header_stdbool_h=yes
ac_cv_header_stdc=yes
ac_cv_header_stdint_h=yes
ac_cv_header_stdlib_h=yes
ac_cv_header_string_h=yes
ac_cv_header_strings_h=yes
ac_cv_header_sys_stat_h=yes
ac_cv_header_sys_types_h=yes
ac_cv_header_unistd_h=yes
ac_cv_host=x86_64-apple-darwin18.5.0
ac_cv_objext=o
ac_cv_path_EGREP='/usr/bin/grep -E'
ac_cv_path_GREP=/usr/bin/grep
ac_cv_path_install='/usr/bin/install -c'
ac_cv_prog_AWK=awk
ac_cv_prog_CPP='gcc -E'
ac_cv_prog_ac_ct_CC=gcc
ac_cv_prog_ac_ct_CXX=g++
ac_cv_prog_cc_c89=
ac_cv_prog_cc_g=yes
ac_cv_prog_cxx_g=yes
ac_cv_prog_make_make_set=yes
ac_cv_target=x86_64-apple-darwin18.5.0
ac_cv_type__Bool=yes
am_cv_CC_dependencies_compiler_type=none
am_cv_CXX_dependencies_compiler_type=none
am_cv_make_support_nested_variables=yes
am_cv_prog_cc_c_o=yes

## ----------------- ##
## Output variables. ##
## ----------------- ##

ACLOCAL='${SHELL} /Users/lxm/Workspace/findstar/missing aclocal-1.16'
AMDEPBACKSLASH=''
AMDEP_FALSE=''
AMDEP_TRUE='#'
AMTAR='$${TAR-tar}'
AM_BACKSLASH='\'
AM_DEFAULT_V='$(AM_DEFAULT_VERBOSITY)'
AM_DEFAULT_VERBOSITY='1'
AM_V='$(V)'
AUTOCONF='${SHELL} /Users/lxm/Workspace/findstar/missing autoconf'
AUTOHEADER='${SHELL} /Users/lxm/Workspace/findstar/missing autoheader'
AUTOMAKE='${SHELL} /Users/lxm/Workspace/findstar/missing automake-1.16'
AWK='awk'
CC='gcc'
CCDEPMODE='depmode=none'
CFLAGS='-g -O2'
CPP='gcc -E'
CPPFLAGS=''
CXX='g++'
CXXDEPMODE='depmode=none'
CXXFLAGS='-g -O2'
CYGPATH_W='echo'
DEFS='-DPACKAGE_NAME=\"findstar\" -DPACKAGE_TARNAME=\"findstar\" -DPACKAGE_VERSION=\"1.0\" -DPACKAGE_STRING=\"findstar\ 1.0\" -DPACKAGE_BUGREPORT=\"\" -DPACKAGE_URL=\"\" -DPACKAGE=\"findstar\" -DVERSION=\"1.0\" -DSTDC_HEADERS=1 -DHAVE_SYS_TYPES_H=1 -DHAVE_SYS_STAT_H=1 -DHAVE_STDLIB_H=1 -DHAVE_STRING_H=1 -DHAVE_MEMORY_H=1 -DHAVE_STRINGS_H=1 -DHAVE_INTTYPES_H=1 -DHAVE_STDINT_H=1 -DHAVE_UNISTD_H=1 -DHAVE__BOOL=1'
DEPDIR='.deps'
ECHO_C='\c'
ECHO_N=''
ECHO_T=''
EGREP='/usr/bin/grep -E'
EXEEXT=''
GREP='/usr/bin/grep'
INSTALL_DATA='${INSTALL} -m 644'
INSTALL_PROGRAM='${INSTALL}'
INSTALL_SCRIPT='${INSTALL}'
INSTALL_STRIP_PROGRAM='$(install_sh) -c -s'
LDFLAGS=''
LIBOBJS=''
LIBS=''
LTLIBOBJS=''
MAKEINFO='${SHELL} /Users/lxm/Workspace/findstar/missing makeinfo'
MKDIR_P='../install-sh -c -d'
OBJEXT='o'
PACKAGE='findstar'
PACKAGE_BUGREPORT=''
PACKAGE_NAME='findstar'
PACKAGE_STRING='findstar 1.0'
PACKAGE_TARNAME='findstar'
PACKAGE_URL=''
PACKAGE_VERSION='1.0'
PATH_SEPARATOR=':'
SET_MAKE=''
SHELL='/bin/sh'
STRIP=''
VERSION='1.0'
ac_ct_CC='gcc'
ac_ct_CXX='g++'
am__EXEEXT_FALSE=''
am__EXEEXT_TRUE='#'
am__fastdepCC_FALSE=''
am__fastdepCC_TRUE='#'
am__fastdepCXX_FALSE=''
am__fastdepCXX_TRUE='#'
am__include='include'
am__isrc=' -I$(srcdir)'
am__leading_dot='.'
am__nodep=''
am__quote=''
am__tar='$${TAR-tar} chof - "$$tardir"'
am__untar='$${TAR-tar} xf -'
bindir='${exec_prefix}/bin'
build='x86_64-apple-darwin18.5.0'
build_alias=''
build_cpu='x86_64'
build_os='darwin18.5.0'
build_vendor='apple'
datadir='${datarootdir}'
datarootdir='${prefix}/share'
docdir='${datarootdir}/doc/${PACKAGE_TARNAME}'
dvidir='${docdir}'
exec_prefix='${prefix}'
host='x86_64-apple-darwin18.5.0'
host_alias=''
host_cpu='x86_64'
host_os='darwin18.5.0'
host_vendor='apple'
htmldir='${docdir}'
includedir='${prefix}/include'
infodir='${datarootdir}/info'
install_sh='${SHELL} /Users/lxm/Workspace/findstar/install-sh'
libdir='${exec_prefix}/lib'
libexecdir='${exec_prefix}/libexec'
localedir='${datarootdir}/locale'
localstatedir='${prefix}/var'
mandir='${datarootdir}/man'
mkdir_p='$(MKDIR_P)'
oldincludedir='/usr/include'
pdfdir='${docdir}'
prefix='/usr/local'
program_transform_name='s,x,x,'
psdir='${docdir}'
sbindir='${exec_prefix}/sbin'
sharedstatedir='${prefix}/com'
sysconfdir='${prefix}/etc'
target='x86_64-apple-darwin18.5.0'
target_alias=''
target_cpu='x86_64'
target_os='darwin18.5.0'
target_vendor='apple'

## ----------- ##
## confdefs.h. ##
## ----------- ##

/* confdefs.h */
#define PACKAGE_NAME "findstar"
#define PACKAGE_TARNAME "findstar"
#define PACKAGE_VERSION "1.0"
#define PACKAGE_STRING "findstar 1.0"
#define PACKAGE_BUGREPORT ""
#define PACKAGE_URL ""
#define PACKAGE "findstar"
#define VERSION "1.0"
#define STDC_HEADERS 1
#define HAVE_SYS_TYPES_H 1
#define HAVE_SYS_STAT_H 1
#define HAVE_STDLIB_H 1
#define HAVE_STRING_H 1
#define HAVE_MEMORY_H 1
#define HAVE_STRINGS_H 1
#define HAVE_INTTYPES_H 1
#define HAVE_STDINT_H 1
#define HAVE_UNISTD_H 1
#define HAVE__BOOL 1

configure: exit 0
